<?xml version="1.0" encoding="UTF-8"?>
<!-- Generated by org.testng.reporters.JUnitXMLReporter -->
<testsuite hostname="ZCTAYAKHA002" ignored="0" name="ChromeTest" tests="1" failures="0" timestamp="14 Jan 2020 11:16:31 GMT" time="0.135" errors="0">
  <testcase name="@BeforeClass setup" time="0.0" classname="appiumautomation.MobileAutomation">
    <failure type="java.lang.NoSuchMethodError" message="org.openqa.selenium.remote.http.HttpClient$Factory.createDefault()Lorg/openqa/selenium/remote/http/HttpClient$Factory;">
      <![CDATA[java.lang.NoSuchMethodError: org.openqa.selenium.remote.http.HttpClient$Factory.createDefault()Lorg/openqa/selenium/remote/http/HttpClient$Factory;
	at io.appium.java_client.remote.AppiumCommandExecutor.<init>(AppiumCommandExecutor.java:93)
	at io.appium.java_client.AppiumDriver.<init>(AppiumDriver.java:97)
	at appiumautomation.MobileAutomation.setup(MobileAutomation.java:31)
	at java.util.concurrent.FutureTask.run(FutureTask.java:266)
	at java.util.concurrent.ThreadPoolExecutor.runWorker(ThreadPoolExecutor.java:1142)
	at java.util.concurrent.ThreadPoolExecutor$Worker.run(ThreadPoolExecutor.java:617)
	at java.lang.Thread.run(Thread.java:745)
... Removed 16 stack frames]]>
    </failure>
  </testcase> <!-- @BeforeClass setup -->
  <testcase name="sampleTest" time="0.001" classname="appiumautomation.MobileAutomation">
    <skipped/>
  </testcase> <!-- sampleTest -->
</testsuite> <!-- ChromeTest -->
